<?xml version="1.0" encoding="UTF-8"?>
<!-- Generated by org.testng.reporters.JUnitReportReporter -->
<testsuite hostname="DESKTOP-NTERQ21" failures="0" tests="2" name="A7.classA7" time="1.055" errors="0" timestamp="2023-01-10T00:31:05 IST" skipped="0">
  <testcase classname="A7.classA7" name="logotest" time="0.776"/>
  <system-out/>
  <testcase classname="A7.classA7" name="text" time="0.279"/>
  <system-out/>
</testsuite> <!-- A7.classA7 -->
