<?xml version="1.0" encoding="UTF-8"?>
<!-- Generated by org.testng.reporters.JUnitReportReporter -->
<testsuite hostname="DESKTOP-NTERQ21" failures="0" tests="3" name="A6.ClassA6" time="0.047" errors="0" timestamp="2023-01-09T16:17:16 IST" skipped="0">
  <testcase classname="A6.ClassA6" name="testA" time="0.037"/>
  <system-out/>
  <testcase classname="A6.ClassA6" name="testB" time="0.006"/>
  <system-out/>
  <testcase classname="A6.ClassA6" name="testC" time="0.004"/>
  <system-out/>
</testsuite> <!-- A6.ClassA6 -->
