<?xml version="1.0" encoding="UTF-8"?>
<!-- Generated by org.testng.reporters.JUnitReportReporter -->
<testsuite hostname="DESKTOP-NTERQ21" failures="0" tests="3" name="S1.classS1" time="1.161" errors="0" timestamp="2023-01-23T19:44:37 IST" skipped="0">
  <testcase classname="S1.classS1" name="moNumber" time="0.413"/>
  <system-out/>
  <testcase classname="S1.classS1" name="logintest" time="0.682"/>
  <system-out/>
  <testcase classname="S1.classS1" name="text" time="0.066"/>
  <system-out/>
</testsuite> <!-- S1.classS1 -->
