<?xml version="1.0" encoding="UTF-8"?>
<!-- Generated by org.testng.reporters.JUnitReportReporter -->
<testsuite hostname="DESKTOP-NTERQ21" failures="0" tests="5" name="Demo.classDemo" time="3.010" errors="0" timestamp="2023-01-26T12:36:28 IST" skipped="0">
  <testcase classname="Demo.classDemo" name="scrrenshot" time="0.337"/>
  <system-out/>
  <testcase classname="Demo.classDemo" name="inside" time="0.089"/>
  <system-out/>
  <testcase classname="Demo.classDemo" name="moovies" time="0.532"/>
  <system-out/>
  <testcase classname="Demo.classDemo" name="sclick" time="1.122"/>
  <system-out/>
  <testcase classname="Demo.classDemo" name="Screenshot1" time="0.930"/>
  <system-out/>
</testsuite> <!-- Demo.classDemo -->
