<?xml version="1.0" encoding="UTF-8"?>
<!-- Generated by org.testng.reporters.JUnitReportReporter -->
<testsuite hostname="DESKTOP-NTERQ21" failures="0" tests="3" name="NAvigat.classnavigate" time="0.148" errors="0" timestamp="2023-02-15T12:37:21 IST" skipped="0">
  <testcase classname="NAvigat.classnavigate" name="a2" time="0.017"/>
  <system-out/>
  <testcase classname="NAvigat.classnavigate" name="a1" time="0.054"/>
  <system-out/>
  <testcase classname="NAvigat.classnavigate" name="a3" time="0.077"/>
  <system-out/>
</testsuite> <!-- NAvigat.classnavigate -->
